[08:42:58] [main/INFO] (FabricLoader/GameProvider) Loading Minecraft 1.21.2 with Fabric Loader 0.18.4
[08:42:58] [main/INFO] (FabricLoader) Loading 58 mods:
	- better_damage_indicator 1.0.5
	- cloth-basic-math 0.6.1
	- cloth-config 15.0.140
	- fabric-api 0.106.1+1.21.2
	- fabric-api-base 0.4.48+c47b9d4373
	- fabric-api-lookup-api-v1 1.6.78+c47b9d4373
	- fabric-biome-api-v1 14.0.5+c47b9d4373
	- fabric-block-api-v1 1.0.28+c47b9d4373
	- fabric-block-view-api-v2 1.0.16+c47b9d4373
	- fabric-blockrenderlayer-v1 2.0.2+c47b9d4373
	- fabric-client-tags-api-v1 1.1.22+c47b9d4373
	- fabric-command-api-v1 1.2.56+f71b366f73
	- fabric-command-api-v2 2.2.35+c47b9d4373
	- fabric-commands-v0 0.2.73+df3654b373
	- fabric-content-registries-v0 9.1.5+c47b9d4373
	- fabric-convention-tags-v1 2.1.0+7f945d5b73
	- fabric-convention-tags-v2 2.9.0+c47b9d4373
	- fabric-crash-report-info-v1 0.3.3+c47b9d4373
	- fabric-data-attachment-api-v1 1.1.38+c47b9d4373
	- fabric-data-generation-api-v1 21.0.14+c47b9d4373
	- fabric-dimensions-v1 4.0.7+c47b9d4373
	- fabric-entity-events-v1 2.0.5+c47b9d4373
	- fabric-events-interaction-v0 2.0.9+c47b9d4373
	- fabric-game-rule-api-v1 1.0.59+c47b9d4373
	- fabric-gametest-api-v1 2.0.13+c47b9d4373
	- fabric-item-api-v1 11.1.5+c47b9d4373
	- fabric-item-group-api-v1 4.1.15+e7c9ab6673
	- fabric-key-binding-api-v1 1.0.53+c47b9d4373
	- fabric-keybindings-v0 0.2.51+df3654b373
	- fabric-lifecycle-events-v1 2.3.22+c47b9d4373
	- fabric-loot-api-v2 3.0.24+3f89f5a573
	- fabric-loot-api-v3 1.0.12+c47b9d4373
	- fabric-message-api-v1 6.0.19+c47b9d4373
	- fabric-model-loading-api-v1 3.0.7+c47b9d4373
	- fabric-networking-api-v1 4.3.3+56ec7ac673
	- fabric-object-builder-api-v1 17.0.7+c47b9d4373
	- fabric-particles-v1 4.0.8+c47b9d4373
	- fabric-recipe-api-v1 7.0.2+c47b9d4373
	- fabric-registry-sync-v0 5.2.0+56ec7ac673
	- fabric-renderer-api-v1 4.0.3+c47b9d4373
	- fabric-renderer-indigo 1.9.3+c47b9d4373
	- fabric-rendering-data-attachment-v1 0.3.54+73761d2e73
	- fabric-rendering-fluids-v1 3.1.13+c47b9d4373
	- fabric-rendering-v0 1.1.81+df3654b373
	- fabric-rendering-v1 8.0.5+c47b9d4373
	- fabric-resource-conditions-api-v1 5.0.8+c47b9d4373
	- fabric-resource-loader-v0 3.0.5+c47b9d4373
	- fabric-screen-api-v1 2.0.32+c47b9d4373
	- fabric-screen-handler-api-v1 1.3.98+c47b9d4373
	- fabric-sound-api-v1 1.0.29+c47b9d4373
	- fabric-transfer-api-v1 5.4.0+c47b9d4373
	- fabric-transitive-access-wideners-v1 6.1.8+c47b9d4373
	- fabricloader 0.18.4
	- generated_98bd0ff 1.0.0
	- hologram_api 1.0.0
	- java 21
	- minecraft 1.21.2
	- mixinextras 0.5.0
[08:42:58] [main/INFO] (FabricLoader/Mixin) SpongePowered MIXIN Subsystem Version=0.8.7 Source=file:/C:/Users/Ray/.gradle/caches/modules-2/files-2.1/net.fabricmc/sponge-mixin/0.17.0+mixin.0.8.7/cf31463202f72d03b0ef1e1e38e8ee71b7faaab6/sponge-mixin-0.17.0+mixin.0.8.7.jar Service=Knot/Fabric Env=CLIENT
[08:42:58] [main/INFO] (FabricLoader/Mixin) Loaded Fabric development mappings for mixin remapper!
[08:42:58] [main/INFO] (FabricLoader/Mixin) Compatibility level set to JAVA_21
[08:42:58] [main/WARN] (FabricLoader/Mixin) Reference map 'hologram_api-common-common-refmap.json' for hologram_api.mixins.json could not be read. If this is a development environment you can ignore this message
[08:42:59] [main/INFO] (FabricLoader/MixinExtras|Service) Initializing MixinExtras via com.llamalad7.mixinextras.service.MixinExtrasServiceImpl(version=0.5.0).
[08:43:00] [Datafixer Bootstrap/INFO] (Minecraft) 236 Datafixer optimizations took 211 milliseconds
[08:43:00] [main/WARN] (PerfmonDisabled) Invalid registry value type detected for PerfOS counters. Should be REG_DWORD. Ignoring: HKEY_LOCAL_MACHINE\SYSTEM\CurrentControlSet\Services\PerfOS\Performance\Disable Performance Counters.
[08:43:05] [Render thread/INFO] (Minecraft) Environment: Environment[sessionHost=https://sessionserver.mojang.com, servicesHost=https://api.minecraftservices.com, name=PROD]
[08:43:05] [Render thread/INFO] (Minecraft) Setting user: Player327
[08:43:06] [Render thread/INFO] (Indigo) [Indigo] Registering Indigo renderer!
[08:43:06] [Render thread/INFO] (Minecraft) Backend library: LWJGL version 3.3.3-snapshot
[08:43:12] [Render thread/INFO] (Minecraft) Reloading ResourceManager: vanilla, fabric, cloth-config, fabric-api, fabric-api-base, fabric-api-lookup-api-v1, fabric-biome-api-v1, fabric-block-api-v1, fabric-block-view-api-v2, fabric-blockrenderlayer-v1, fabric-client-tags-api-v1, fabric-command-api-v1, fabric-command-api-v2, fabric-commands-v0, fabric-content-registries-v0, fabric-convention-tags-v1, fabric-convention-tags-v2, fabric-crash-report-info-v1, fabric-data-attachment-api-v1, fabric-data-generation-api-v1, fabric-dimensions-v1, fabric-entity-events-v1, fabric-events-interaction-v0, fabric-game-rule-api-v1, fabric-gametest-api-v1, fabric-item-api-v1, fabric-item-group-api-v1, fabric-key-binding-api-v1, fabric-keybindings-v0, fabric-lifecycle-events-v1, fabric-loot-api-v2, fabric-loot-api-v3, fabric-message-api-v1, fabric-model-loading-api-v1, fabric-networking-api-v1, fabric-object-builder-api-v1, fabric-particles-v1, fabric-recipe-api-v1, fabric-registry-sync-v0, fabric-renderer-api-v1, fabric-renderer-indigo, fabric-rendering-data-attachment-v1, fabric-rendering-fluids-v1, fabric-rendering-v0, fabric-rendering-v1, fabric-resource-conditions-api-v1, fabric-resource-loader-v0, fabric-screen-api-v1, fabric-screen-handler-api-v1, fabric-sound-api-v1, fabric-transfer-api-v1, fabric-transitive-access-wideners-v1, fabricloader, generated_98bd0ff, hologram_api
[08:43:12] [Worker-Main-2/INFO] (Minecraft) Found unifont_all_no_pua-15.1.05.hex, loading
[08:43:12] [Worker-Main-3/INFO] (Minecraft) Found unifont_jp_patch-15.1.05.hex, loading
[08:43:13] [Render thread/WARN] (Minecraft) Missing sound for event: minecraft:block.spawner.fall
[08:43:14] [Render thread/INFO] (Minecraft) OpenAL initialized on device OpenAL Soft on Headphones (Baseus Bass BP1 Pro Stereo)
[08:43:14] [Render thread/INFO] (Minecraft) Sound engine started
[08:43:14] [Render thread/INFO] (Minecraft) Created: 1024x512x4 minecraft:textures/atlas/blocks.png-atlas
[08:43:14] [Render thread/INFO] (Minecraft) Created: 256x256x4 minecraft:textures/atlas/signs.png-atlas
[08:43:14] [Render thread/INFO] (Minecraft) Created: 512x512x4 minecraft:textures/atlas/banner_patterns.png-atlas
[08:43:14] [Render thread/INFO] (Minecraft) Created: 512x512x4 minecraft:textures/atlas/shield_patterns.png-atlas
[08:43:14] [Render thread/INFO] (Minecraft) Created: 1024x1024x4 minecraft:textures/atlas/armor_trims.png-atlas
[08:43:14] [Render thread/INFO] (Minecraft) Created: 256x256x4 minecraft:textures/atlas/chest.png-atlas
[08:43:14] [Render thread/INFO] (Minecraft) Created: 128x64x4 minecraft:textures/atlas/decorated_pot.png-atlas
[08:43:14] [Render thread/INFO] (Minecraft) Created: 512x256x4 minecraft:textures/atlas/beds.png-atlas
[08:43:14] [Render thread/INFO] (Minecraft) Created: 512x256x4 minecraft:textures/atlas/shulker_boxes.png-atlas
[08:43:14] [Render thread/INFO] (Minecraft) Created: 64x64x0 minecraft:textures/atlas/map_decorations.png-atlas
[08:43:14] [Render thread/INFO] (Minecraft) Created: 512x256x0 minecraft:textures/atlas/particles.png-atlas
[08:43:14] [Render thread/INFO] (Minecraft) Created: 512x256x0 minecraft:textures/atlas/paintings.png-atlas
[08:43:14] [Render thread/INFO] (Minecraft) Created: 256x128x0 minecraft:textures/atlas/mob_effects.png-atlas
[08:43:14] [Render thread/INFO] (Minecraft) Created: 1024x512x0 minecraft:textures/atlas/gui.png-atlas
[08:43:19] [Render thread/INFO] (Minecraft) Loaded 1337 recipes
[08:43:19] [Render thread/INFO] (Minecraft) Loaded 1448 advancements
[08:43:19] [Render thread/INFO] (BiomeModificationImpl) Applied 0 biome modifications to 0 of 64 new biomes in 1.399 ms
[08:43:19] [Server thread/INFO] (Minecraft) Starting integrated minecraft server version 1.21.2
[08:43:19] [Server thread/INFO] (Minecraft) Generating keypair
[08:43:20] [Server thread/INFO] (Minecraft) Preparing start region for dimension minecraft:overworld
[08:43:21] [Render thread/INFO] (Minecraft) Preparing spawn area: 0%
[08:43:21] [Render thread/INFO] (Minecraft) Preparing spawn area: 0%
[08:43:21] [Render thread/INFO] (Minecraft) Preparing spawn area: 0%
[08:43:21] [Render thread/INFO] (Minecraft) Time elapsed: 1201 ms
[08:43:21] [Server thread/INFO] (Minecraft) Changing view distance to 12, from 10
[08:43:21] [Server thread/INFO] (Minecraft) Changing simulation distance to 12, from 0
[08:43:22] [Server thread/INFO] (Minecraft) Player327[local:E:ce901079] logged in with entity id 19 at (-372.46755447645523, 69.82302121658041, 54.34754147908741)
[08:43:22] [Server thread/INFO] (Minecraft) Player327 joined the game
[08:43:23] [Render thread/INFO] (Minecraft) Loaded 2 advancements
[08:43:24] [Render thread/ERROR] (Minecraft) Unreported exception thrown!
java.lang.NoSuchMethodError: 'int net.minecraft.client.gui.Font.method_30882(net.minecraft.network.chat.Component, float, float, int, boolean, org.joml.Matrix4f, net.minecraft.client.renderer.MultiBufferSource, net.minecraft.client.gui.Font$DisplayMode, int, int)'
	at knot/net.ray.HologramAPI.HologramRenderer.renderComponent(HologramRenderer.java:219) ~[hologram_api-fabric-1.0.0%201.21.1-f9c26213-71b80dfd3f.jar:?]
	at knot/net.ray.HologramAPI.HologramRenderer.renderHologram(HologramRenderer.java:172) ~[hologram_api-fabric-1.0.0%201.21.1-f9c26213-71b80dfd3f.jar:?]
	at knot/net.ray.HologramAPI.HologramRenderer$HologramManager.renderAllForce(HologramRenderer.java:90) ~[hologram_api-fabric-1.0.0%201.21.1-f9c26213-71b80dfd3f.jar:?]
	at knot/net.ray.HologramAPI.HologramAPI.renderForce(HologramAPI.java:32) ~[hologram_api-fabric-1.0.0%201.21.1-f9c26213-71b80dfd3f.jar:?]
	at knot/net.ray.fabric.HologramAPI.client.HologramAPIClient.lambda$onInitializeClient$1(HologramAPIClient.java:17) ~[hologram_api-fabric-1.0.0%201.21.1-f9c26213-71b80dfd3f.jar:?]
	at knot/net.minecraft.client.renderer.LevelRenderer.handler$zff000$fabric-rendering-v1$afterRender(LevelRenderer.java:2227) ~[minecraft-merged-6f017613a3-1.21.2-loom.mappings.1_21_2.layered+hash.40359-v2.jar:?]
	at knot/net.minecraft.client.renderer.LevelRenderer.renderLevel(LevelRenderer.java:579) ~[minecraft-merged-6f017613a3-1.21.2-loom.mappings.1_21_2.layered+hash.40359-v2.jar:?]
	at knot/net.minecraft.client.renderer.GameRenderer.renderLevel(GameRenderer.java:731) ~[minecraft-merged-6f017613a3-1.21.2-loom.mappings.1_21_2.layered+hash.40359-v2.jar:?]
	at knot/net.minecraft.client.renderer.GameRenderer.render(GameRenderer.java:491) ~[minecraft-merged-6f017613a3-1.21.2-loom.mappings.1_21_2.layered+hash.40359-v2.jar:?]
	at knot/net.minecraft.client.Minecraft.runTick(Minecraft.java:1352) ~[minecraft-merged-6f017613a3-1.21.2-loom.mappings.1_21_2.layered+hash.40359-v2.jar:?]
	at knot/net.minecraft.client.Minecraft.run(Minecraft.java:933) [minecraft-merged-6f017613a3-1.21.2-loom.mappings.1_21_2.layered+hash.40359-v2.jar:?]
	at knot/net.minecraft.client.main.Main.main(Main.java:265) [minecraft-merged-6f017613a3-1.21.2-loom.mappings.1_21_2.layered+hash.40359-v2.jar:?]
	at net.fabricmc.loader.impl.game.minecraft.MinecraftGameProvider.launch(MinecraftGameProvider.java:514) [fabric-loader-0.18.4.jar:?]
	at net.fabricmc.loader.impl.launch.knot.Knot.launch(Knot.java:72) [fabric-loader-0.18.4.jar:?]
	at net.fabricmc.loader.impl.launch.knot.KnotClient.main(KnotClient.java:23) [fabric-loader-0.18.4.jar:?]
	at net.fabricmc.devlaunchinjector.Main.main(Main.java:86) [dev-launch-injector-0.2.1+build.8.jar:?]
	at dev.architectury.transformer.TransformerRuntime.main(TransformerRuntime.java:220) [architectury-transformer-5.2.87-runtime.jar:5.2.87]
[08:43:26] [Server thread/WARN] (Minecraft) Can't keep up! Is the server overloaded? Running 2505ms or 50 ticks behind
[08:43:26] [Server thread/INFO] (Minecraft) Stopping server
[08:43:26] [Server thread/INFO] (Minecraft) Saving players
[08:43:26] [Server thread/INFO] (Minecraft) Saving worlds
[08:43:26] [Server thread/INFO] (Minecraft) Saving chunks for level 'ServerLevel[New World]'/minecraft:overworld
[08:43:27] [Server thread/INFO] (Minecraft) Saving chunks for level 'ServerLevel[New World]'/minecraft:the_end
[08:43:27] [Server thread/INFO] (Minecraft) Saving chunks for level 'ServerLevel[New World]'/minecraft:the_nether
[08:43:27] [Server thread/INFO] (Minecraft) ThreadedAnvilChunkStorage (New World (2)): All chunks are saved
[08:43:27] [Server thread/INFO] (Minecraft) ThreadedAnvilChunkStorage (DIM1): All chunks are saved
[08:43:27] [Server thread/INFO] (Minecraft) ThreadedAnvilChunkStorage (DIM-1): All chunks are saved
[08:43:27] [Server thread/INFO] (Minecraft) ThreadedAnvilChunkStorage: All dimensions are saved
